{
  "uid" : "9484573c24e60151",
  "name" : "Create new label for authorized user",
  "fullName" : "Labels: Create new label for authorized user",
  "historyId" : "e509c4c6de4e5cecb9d9ec918f3c625b",
  "time" : {
    "start" : 1602556442495,
    "stop" : 1602556442513,
    "duration" : 18
  },
  "status" : "broken",
  "statusMessage" : "Element not found for xpath [//div[@class='something']]",
  "statusTrace" : "java.lang.RuntimeException: Element not found for xpath [//div[@class='something']]\n\tat io.qameta.allure.examples.cucumber5.WebSteps.maybeThrowElementNotFoundException(WebSteps.java:89)\n\tat io.qameta.allure.examples.cucumber5.WebSteps.createLabelWithTitle(WebSteps.java:29)\n\tat ✽.I create label with title \"hello\"(file:///home/runner/work/allure-cucumber5-junit4-gradle/allure-cucumber5-junit4-gradle/src/test/resources/features/labels-web.feature:11)\n",
  "flaky" : false,
  "newFailed" : false,
  "beforeStages" : [ ],
  "testStage" : {
    "status" : "broken",
    "statusMessage" : "Element not found for xpath [//div[@class='something']]",
    "statusTrace" : "java.lang.RuntimeException: Element not found for xpath [//div[@class='something']]\n\tat io.qameta.allure.examples.cucumber5.WebSteps.maybeThrowElementNotFoundException(WebSteps.java:89)\n\tat io.qameta.allure.examples.cucumber5.WebSteps.createLabelWithTitle(WebSteps.java:29)\n\tat ✽.I create label with title \"hello\"(file:///home/runner/work/allure-cucumber5-junit4-gradle/allure-cucumber5-junit4-gradle/src/test/resources/features/labels-web.feature:11)\n",
    "steps" : [ {
      "name" : "When  I open labels page",
      "time" : {
        "start" : 1602556442496,
        "stop" : 1602556442496,
        "duration" : 0
      },
      "status" : "passed",
      "steps" : [ ],
      "attachments" : [ ],
      "parameters" : [ ],
      "stepsCount" : 0,
      "attachmentsCount" : 0,
      "shouldDisplayMessage" : false,
      "hasContent" : false
    }, {
      "name" : "And  I create label with title \"hello\"",
      "time" : {
        "start" : 1602556442499,
        "stop" : 1602556442502,
        "duration" : 3
      },
      "status" : "broken",
      "statusMessage" : "Element not found for xpath [//div[@class='something']]",
      "statusTrace" : "java.lang.RuntimeException: Element not found for xpath [//div[@class='something']]\n\tat io.qameta.allure.examples.cucumber5.WebSteps.maybeThrowElementNotFoundException(WebSteps.java:89)\n\tat io.qameta.allure.examples.cucumber5.WebSteps.createLabelWithTitle(WebSteps.java:29)\n\tat ✽.I create label with title \"hello\"(file:///home/runner/work/allure-cucumber5-junit4-gradle/allure-cucumber5-junit4-gradle/src/test/resources/features/labels-web.feature:11)\n",
      "steps" : [ ],
      "attachments" : [ ],
      "parameters" : [ ],
      "stepsCount" : 0,
      "attachmentsCount" : 0,
      "shouldDisplayMessage" : true,
      "hasContent" : true
    }, {
      "name" : "Then  I should see label with title \"hello\"",
      "time" : {
        "start" : 1602556442504,
        "stop" : 1602556442505,
        "duration" : 1
      },
      "status" : "skipped",
      "steps" : [ ],
      "attachments" : [ ],
      "parameters" : [ ],
      "stepsCount" : 0,
      "attachmentsCount" : 0,
      "shouldDisplayMessage" : false,
      "hasContent" : false
    } ],
    "attachments" : [ ],
    "parameters" : [ ],
    "stepsCount" : 3,
    "attachmentsCount" : 0,
    "shouldDisplayMessage" : false,
    "hasContent" : true
  },
  "afterStages" : [ ],
  "labels" : [ {
    "name" : "tag",
    "value" : "regress"
  }, {
    "name" : "severity",
    "value" : "critical"
  }, {
    "name" : "host",
    "value" : "fv-az183"
  }, {
    "name" : "thread",
    "value" : "4141@fv-az183.Test worker(9)"
  }, {
    "name" : "feature",
    "value" : "Labels"
  }, {
    "name" : "story",
    "value" : "Create new label for authorized user"
  }, {
    "name" : "suite",
    "value" : "Labels"
  }, {
    "name" : "testClass",
    "value" : "Create new label for authorized user"
  }, {
    "name" : "framework",
    "value" : "cucumber4jvm"
  }, {
    "name" : "language",
    "value" : "java"
  }, {
    "name" : "gherkin_uri",
    "value" : "file:///home/runner/work/allure-cucumber5-junit4-gradle/allure-cucumber5-junit4-gradle/src/test/resources/features/labels-web.feature"
  }, {
    "name" : "package",
    "value" : "src.test.resources.features.labels-web_feature.Labels"
  }, {
    "name" : "resultFormat",
    "value" : "allure2"
  } ],
  "parameters" : [ ],
  "links" : [ ],
  "hidden" : false,
  "retry" : false,
  "extra" : {
    "severity" : "critical",
    "retries" : [ ],
    "categories" : [ {
      "name" : "Test defects",
      "matchedStatuses" : [ ],
      "flaky" : false
    } ],
    "history" : {
      "statistic" : {
        "failed" : 0,
        "broken" : 3,
        "skipped" : 0,
        "passed" : 0,
        "unknown" : 0,
        "total" : 3
      },
      "items" : [ {
        "uid" : "517730d4731d92",
        "reportUrl" : "https://allure-examples.github.io/allure-cucumber5-junit4-gradle/2//#testresult/517730d4731d92",
        "status" : "broken",
        "statusDetails" : "Element not found for xpath [//div[@class='something']]",
        "time" : {
          "start" : 1601527582643,
          "stop" : 1601527582661,
          "duration" : 18
        }
      }, {
        "uid" : "953f236c2532a3a8",
        "reportUrl" : "https://allure-examples.github.io/allure-cucumber5-junit4-gradle/1//#testresult/953f236c2532a3a8",
        "status" : "broken",
        "statusDetails" : "Element not found for xpath [//div[@class='something']]",
        "time" : {
          "start" : 1598459528123,
          "stop" : 1598459528135,
          "duration" : 12
        }
      } ]
    },
    "tags" : [ "regress" ]
  },
  "source" : "9484573c24e60151.json",
  "parameterValues" : [ ]
}